Using pre-set license

 COMMAND LINE ARGUMENTS:
/Applications/Unity/Hub/Editor/2020.3.6f1/Unity.app/Contents/MacOS/Unity
-adb2
-batchMode
-noUpm
-name
AssetImportWorker0
-projectPath
/Users/tetsu/01_Dev/SubPJ-Lecture03
-logFile
Logs/AssetImportWorker0.log
-srvPort
55134
Successfully changed project path to: /Users/tetsu/01_Dev/SubPJ-Lecture03
/Users/tetsu/01_Dev/SubPJ-Lecture03
Using Asset Import Pipeline V2.
Refreshing native plugins compatible for Editor in 45.37 ms, found 1 plugins.
Preloading 0 native plugins for Editor in 0.00 ms.
Initialize engine version: 2020.3.6f1 (338bb68529b2)
[Subsystems] Discovering subsystems at path /Applications/Unity/Hub/Editor/2020.3.6f1/Unity.app/Contents/Resources/UnitySubsystems
[Subsystems] Discovering subsystems at path /Users/tetsu/01_Dev/SubPJ-Lecture03/Assets
GfxDevice: creating device client; threaded=0
2021-07-25 16:26:40.789 Unity[49668:34664431] LG HDR 4K preferred device: Intel(R) UHD Graphics 630 (low power)
2021-07-25 16:26:40.789 Unity[49668:34664431] Metal devices available: 1
2021-07-25 16:26:40.789 Unity[49668:34664431] 0: Intel(R) UHD Graphics 630 (low power)
2021-07-25 16:26:40.789 Unity[49668:34664431] Using device Intel(R) UHD Graphics 630 (low power)
Initializing Metal device caps: Intel(R) UHD Graphics 630
Shader 'Universal Render Pipeline/Particles/Lit': fallback shader 'Universal Render Pipeline/Particles/SimpleLit' not found
Initialize mono
Mono path[0] = '/Applications/Unity/Hub/Editor/2020.3.6f1/Unity.app/Contents/Managed'
Mono path[1] = '/Applications/Unity/Hub/Editor/2020.3.6f1/Unity.app/Contents/MonoBleedingEdge/lib/mono/unityjit'
Mono config path = '/Applications/Unity/Hub/Editor/2020.3.6f1/Unity.app/Contents/MonoBleedingEdge/etc'
Using monoOptions --debugger-agent=transport=dt_socket,embedding=1,server=y,suspend=n,address=127.0.0.1:56668
Begin MonoManager ReloadAssembly
Registering precompiled unity dll's ...
Register platform support module: /Applications/Unity/Hub/Editor/2020.3.6f1/Unity.app/Contents/PlaybackEngines/MacStandaloneSupport/UnityEditor.OSXStandalone.Extensions.dll
Registered in 0.002405 seconds.
Native extension for OSXStandalone target not found
Refreshing native plugins compatible for Editor in 42.72 ms, found 1 plugins.
Preloading 0 native plugins for Editor in 0.00 ms.
Mono: successfully reloaded assembly
- Completed reload, in  2.026 seconds
Platform modules already initialized, skipping
Registering precompiled user dll's ...
Registered in 0.001118 seconds.
Begin MonoManager ReloadAssembly
Native extension for OSXStandalone target not found
Refreshing native plugins compatible for Editor in 54.53 ms, found 1 plugins.
Preloading 0 native plugins for Editor in 0.00 ms.
Mono: successfully reloaded assembly
- Completed reload, in  1.251 seconds
Platform modules already initialized, skipping
========================================================================
Worker process is ready to serve import requests
Shader 'Universal Render Pipeline/Particles/Lit': fallback shader 'Universal Render Pipeline/Particles/SimpleLit' not found
Launching external process: /Applications/Unity/Hub/Editor/2020.3.6f1/Unity.app/Contents/Tools/UnityShaderCompiler
Launched and connected shader compiler UnityShaderCompiler after 0.02 seconds
Refreshing native plugins compatible for Editor in 0.38 ms, found 1 plugins.
Preloading 0 native plugins for Editor in 0.00 ms.
Unloading 2421 Unused Serialized files (Serialized files now loaded: 0)
System memory in use before: 184.9 MB.
System memory in use after: 184.8 MB.

Unloading 11 unused Assets to reduce memory usage. Loaded Objects now: 2863.
Total: 4.941341 ms (FindLiveObjects: 0.642244 ms CreateObjectMapping: 0.398195 ms MarkObjects: 3.519811 ms  DeleteObjects: 0.378156 ms)

========================================================================
Received Import Request.
  path: Assets/Scenes/SampleScene.unity
  artifactKey: Guid(9fc0d4010bbf28b4594072e72b8655ab) Importer(815301076,1909f56bfc062723c751e8b465ee728b)
Start importing Assets/Scenes/SampleScene.unity using Guid(9fc0d4010bbf28b4594072e72b8655ab) Importer(815301076,1909f56bfc062723c751e8b465ee728b)  -> (artifact id: 'a119041130795fc39f737894acaff69d') in 0.021616 seconds
  Import took 0.028077 seconds .

========================================================================
Received Prepare
Shader 'Universal Render Pipeline/Particles/Lit': fallback shader 'Universal Render Pipeline/Particles/SimpleLit' not found
Refreshing native plugins compatible for Editor in 0.86 ms, found 1 plugins.
Preloading 0 native plugins for Editor in 0.00 ms.
Unloading 4 Unused Serialized files (Serialized files now loaded: 0)
System memory in use before: 132.2 MB.
System memory in use after: 132.1 MB.

Unloading 4 unused Assets to reduce memory usage. Loaded Objects now: 2863.
Total: 6.751062 ms (FindLiveObjects: 1.074160 ms CreateObjectMapping: 0.370235 ms MarkObjects: 4.608256 ms  DeleteObjects: 0.677886 ms)

========================================================================
Received Import Request.
  Time since last request: 364.270610 seconds.
  path: Assets/Scripts/FunctionLibrary.cs
  artifactKey: Guid(99d7b6989a7c544ab855656f0cd16bd3) Importer(815301076,1909f56bfc062723c751e8b465ee728b)
Start importing Assets/Scripts/FunctionLibrary.cs using Guid(99d7b6989a7c544ab855656f0cd16bd3) Importer(815301076,1909f56bfc062723c751e8b465ee728b)  -> (artifact id: '50d5baf6b145325726f7be954b0ce0ba') in 0.378872 seconds
  Import took 0.383024 seconds .

========================================================================
Received Prepare
Registering precompiled user dll's ...
Registered in 0.001297 seconds.
Begin MonoManager ReloadAssembly
Native extension for OSXStandalone target not found
Refreshing native plugins compatible for Editor in 0.69 ms, found 1 plugins.
Preloading 0 native plugins for Editor in 0.00 ms.
Mono: successfully reloaded assembly
- Completed reload, in  0.956 seconds
Platform modules already initialized, skipping
Shader 'Universal Render Pipeline/Particles/Lit': fallback shader 'Universal Render Pipeline/Particles/SimpleLit' not found
Refreshing native plugins compatible for Editor in 0.38 ms, found 1 plugins.
Preloading 0 native plugins for Editor in 0.00 ms.
Unloading 2311 Unused Serialized files (Serialized files now loaded: 0)
System memory in use before: 182.7 MB.
System memory in use after: 182.6 MB.

Unloading 6 unused Assets to reduce memory usage. Loaded Objects now: 2866.
Total: 2.072303 ms (FindLiveObjects: 0.260965 ms CreateObjectMapping: 0.099725 ms MarkObjects: 1.438048 ms  DeleteObjects: 0.272699 ms)

========================================================================
Received Import Request.
  Time since last request: 66.935479 seconds.
  path: Assets/Scripts/FunctionLibrary.cs
  artifactKey: Guid(99d7b6989a7c544ab855656f0cd16bd3) Importer(815301076,1909f56bfc062723c751e8b465ee728b)
Start importing Assets/Scripts/FunctionLibrary.cs using Guid(99d7b6989a7c544ab855656f0cd16bd3) Importer(815301076,1909f56bfc062723c751e8b465ee728b)  -> (artifact id: '4212080287b18bae843f2a0763d5c647') in 0.004316 seconds
  Import took 0.008627 seconds .

========================================================================
Received Prepare
Registering precompiled user dll's ...
Registered in 0.001404 seconds.
Begin MonoManager ReloadAssembly
Native extension for OSXStandalone target not found
Refreshing native plugins compatible for Editor in 0.37 ms, found 1 plugins.
Preloading 0 native plugins for Editor in 0.00 ms.
Mono: successfully reloaded assembly
- Completed reload, in  0.948 seconds
Platform modules already initialized, skipping
Shader 'Universal Render Pipeline/Particles/Lit': fallback shader 'Universal Render Pipeline/Particles/SimpleLit' not found
Refreshing native plugins compatible for Editor in 0.39 ms, found 1 plugins.
Preloading 0 native plugins for Editor in 0.00 ms.
Unloading 2311 Unused Serialized files (Serialized files now loaded: 0)
System memory in use before: 183.0 MB.
System memory in use after: 182.9 MB.

Unloading 6 unused Assets to reduce memory usage. Loaded Objects now: 2869.
Total: 3.361755 ms (FindLiveObjects: 0.532042 ms CreateObjectMapping: 0.285425 ms MarkObjects: 2.185599 ms  DeleteObjects: 0.353117 ms)

========================================================================
Received Import Request.
  Time since last request: 188.788283 seconds.
  path: Assets/Scripts/FunctionLibrary.cs
  artifactKey: Guid(99d7b6989a7c544ab855656f0cd16bd3) Importer(815301076,1909f56bfc062723c751e8b465ee728b)
Start importing Assets/Scripts/FunctionLibrary.cs using Guid(99d7b6989a7c544ab855656f0cd16bd3) Importer(815301076,1909f56bfc062723c751e8b465ee728b)  -> (artifact id: '8a80d70361fc32e309279c47acbb930e') in 0.004240 seconds
  Import took 0.008116 seconds .

========================================================================
Received Prepare
Registering precompiled user dll's ...
Registered in 0.000699 seconds.
Begin MonoManager ReloadAssembly
Native extension for OSXStandalone target not found
Refreshing native plugins compatible for Editor in 0.47 ms, found 1 plugins.
Preloading 0 native plugins for Editor in 0.00 ms.
Mono: successfully reloaded assembly
- Completed reload, in  0.934 seconds
Platform modules already initialized, skipping
Shader 'Universal Render Pipeline/Particles/Lit': fallback shader 'Universal Render Pipeline/Particles/SimpleLit' not found
Refreshing native plugins compatible for Editor in 0.38 ms, found 1 plugins.
Preloading 0 native plugins for Editor in 0.00 ms.
Unloading 2311 Unused Serialized files (Serialized files now loaded: 0)
System memory in use before: 183.3 MB.
System memory in use after: 183.2 MB.

Unloading 6 unused Assets to reduce memory usage. Loaded Objects now: 2872.
Total: 2.012545 ms (FindLiveObjects: 0.219690 ms CreateObjectMapping: 0.088102 ms MarkObjects: 1.411226 ms  DeleteObjects: 0.292007 ms)

========================================================================
Received Prepare
Registering precompiled user dll's ...
Registered in 0.000817 seconds.
Begin MonoManager ReloadAssembly
Native extension for OSXStandalone target not found
Refreshing native plugins compatible for Editor in 0.38 ms, found 1 plugins.
Preloading 0 native plugins for Editor in 0.00 ms.
Mono: successfully reloaded assembly
- Completed reload, in  0.967 seconds
Platform modules already initialized, skipping
Shader 'Universal Render Pipeline/Particles/Lit': fallback shader 'Universal Render Pipeline/Particles/SimpleLit' not found
Refreshing native plugins compatible for Editor in 0.45 ms, found 1 plugins.
Preloading 0 native plugins for Editor in 0.00 ms.
Unloading 2311 Unused Serialized files (Serialized files now loaded: 0)
System memory in use before: 183.6 MB.
System memory in use after: 183.5 MB.

Unloading 6 unused Assets to reduce memory usage. Loaded Objects now: 2875.
Total: 2.839296 ms (FindLiveObjects: 0.356049 ms CreateObjectMapping: 0.153346 ms MarkObjects: 1.913510 ms  DeleteObjects: 0.414917 ms)

========================================================================
Received Prepare
Registering precompiled user dll's ...
Registered in 0.000733 seconds.
Begin MonoManager ReloadAssembly
Native extension for OSXStandalone target not found
Refreshing native plugins compatible for Editor in 0.39 ms, found 1 plugins.
Preloading 0 native plugins for Editor in 0.00 ms.
Mono: successfully reloaded assembly
- Completed reload, in  0.989 seconds
Platform modules already initialized, skipping
Shader 'Universal Render Pipeline/Particles/Lit': fallback shader 'Universal Render Pipeline/Particles/SimpleLit' not found
Refreshing native plugins compatible for Editor in 0.39 ms, found 1 plugins.
Preloading 0 native plugins for Editor in 0.00 ms.
Unloading 2311 Unused Serialized files (Serialized files now loaded: 0)
System memory in use before: 183.8 MB.
System memory in use after: 183.7 MB.

Unloading 6 unused Assets to reduce memory usage. Loaded Objects now: 2878.
Total: 2.718802 ms (FindLiveObjects: 0.293708 ms CreateObjectMapping: 0.116372 ms MarkObjects: 1.899409 ms  DeleteObjects: 0.401369 ms)

========================================================================
Received Prepare
Registering precompiled user dll's ...
Registered in 0.000723 seconds.
Begin MonoManager ReloadAssembly
Native extension for OSXStandalone target not found
Refreshing native plugins compatible for Editor in 0.47 ms, found 1 plugins.
Preloading 0 native plugins for Editor in 0.00 ms.
Mono: successfully reloaded assembly
- Completed reload, in  1.026 seconds
Platform modules already initialized, skipping
Shader 'Universal Render Pipeline/Particles/Lit': fallback shader 'Universal Render Pipeline/Particles/SimpleLit' not found
Refreshing native plugins compatible for Editor in 0.34 ms, found 1 plugins.
Preloading 0 native plugins for Editor in 0.00 ms.
Unloading 2311 Unused Serialized files (Serialized files now loaded: 0)
System memory in use before: 184.1 MB.
System memory in use after: 184.1 MB.

Unloading 6 unused Assets to reduce memory usage. Loaded Objects now: 2881.
Total: 3.105103 ms (FindLiveObjects: 0.361584 ms CreateObjectMapping: 0.146913 ms MarkObjects: 2.187355 ms  DeleteObjects: 0.407683 ms)

========================================================================
Received Prepare
Registering precompiled user dll's ...
Registered in 0.000792 seconds.
Begin MonoManager ReloadAssembly
Native extension for OSXStandalone target not found
Refreshing native plugins compatible for Editor in 0.39 ms, found 1 plugins.
Preloading 0 native plugins for Editor in 0.00 ms.
Mono: successfully reloaded assembly
- Completed reload, in  1.022 seconds
Platform modules already initialized, skipping
Shader 'Universal Render Pipeline/Particles/Lit': fallback shader 'Universal Render Pipeline/Particles/SimpleLit' not found
Refreshing native plugins compatible for Editor in 0.42 ms, found 1 plugins.
Preloading 0 native plugins for Editor in 0.00 ms.
Unloading 2311 Unused Serialized files (Serialized files now loaded: 0)
System memory in use before: 184.4 MB.
System memory in use after: 184.3 MB.

Unloading 6 unused Assets to reduce memory usage. Loaded Objects now: 2884.
Total: 3.220184 ms (FindLiveObjects: 0.636898 ms CreateObjectMapping: 0.190462 ms MarkObjects: 2.056762 ms  DeleteObjects: 0.333902 ms)

AssetImportWorkerClient::OnTransportError - code=2 error=End of file
