Using pre-set license

 COMMAND LINE ARGUMENTS:
/Applications/Unity/Hub/Editor/2020.3.6f1/Unity.app/Contents/MacOS/Unity
-adb2
-batchMode
-noUpm
-name
AssetImportWorker0
-projectPath
/Users/tetsu/01_Dev/SubPJ-Lecture03
-logFile
Logs/AssetImportWorker0.log
-srvPort
62736
Successfully changed project path to: /Users/tetsu/01_Dev/SubPJ-Lecture03
/Users/tetsu/01_Dev/SubPJ-Lecture03
Using Asset Import Pipeline V2.
Refreshing native plugins compatible for Editor in 53.77 ms, found 1 plugins.
Preloading 0 native plugins for Editor in 0.00 ms.
Initialize engine version: 2020.3.6f1 (338bb68529b2)
[Subsystems] Discovering subsystems at path /Applications/Unity/Hub/Editor/2020.3.6f1/Unity.app/Contents/Resources/UnitySubsystems
[Subsystems] Discovering subsystems at path /Users/tetsu/01_Dev/SubPJ-Lecture03/Assets
GfxDevice: creating device client; threaded=0
2021-07-24 15:47:34.460 Unity[27676:33972383] LG HDR 4K preferred device: Intel(R) UHD Graphics 630 (low power)
2021-07-24 15:47:34.460 Unity[27676:33972383] Metal devices available: 1
2021-07-24 15:47:34.460 Unity[27676:33972383] 0: Intel(R) UHD Graphics 630 (low power)
2021-07-24 15:47:34.460 Unity[27676:33972383] Using device Intel(R) UHD Graphics 630 (low power)
Initializing Metal device caps: Intel(R) UHD Graphics 630
Shader 'Universal Render Pipeline/Particles/Lit': fallback shader 'Universal Render Pipeline/Particles/SimpleLit' not found
Initialize mono
Mono path[0] = '/Applications/Unity/Hub/Editor/2020.3.6f1/Unity.app/Contents/Managed'
Mono path[1] = '/Applications/Unity/Hub/Editor/2020.3.6f1/Unity.app/Contents/MonoBleedingEdge/lib/mono/unityjit'
Mono config path = '/Applications/Unity/Hub/Editor/2020.3.6f1/Unity.app/Contents/MonoBleedingEdge/etc'
Using monoOptions --debugger-agent=transport=dt_socket,embedding=1,server=y,suspend=n,address=127.0.0.1:56676
Begin MonoManager ReloadAssembly
Registering precompiled unity dll's ...
Register platform support module: /Applications/Unity/Hub/Editor/2020.3.6f1/Unity.app/Contents/PlaybackEngines/MacStandaloneSupport/UnityEditor.OSXStandalone.Extensions.dll
Registered in 0.000643 seconds.
Native extension for OSXStandalone target not found
Refreshing native plugins compatible for Editor in 36.01 ms, found 1 plugins.
Preloading 0 native plugins for Editor in 0.00 ms.
Mono: successfully reloaded assembly
- Completed reload, in  1.817 seconds
Platform modules already initialized, skipping
Registering precompiled user dll's ...
Registered in 0.000616 seconds.
Begin MonoManager ReloadAssembly
Native extension for OSXStandalone target not found
Refreshing native plugins compatible for Editor in 46.03 ms, found 1 plugins.
Preloading 0 native plugins for Editor in 0.00 ms.
Mono: successfully reloaded assembly
- Completed reload, in  1.154 seconds
Platform modules already initialized, skipping
========================================================================
Worker process is ready to serve import requests
Shader 'Universal Render Pipeline/Particles/Lit': fallback shader 'Universal Render Pipeline/Particles/SimpleLit' not found
Launching external process: /Applications/Unity/Hub/Editor/2020.3.6f1/Unity.app/Contents/Tools/UnityShaderCompiler
Launched and connected shader compiler UnityShaderCompiler after 0.03 seconds
Refreshing native plugins compatible for Editor in 0.48 ms, found 1 plugins.
Preloading 0 native plugins for Editor in 0.00 ms.
Unloading 2419 Unused Serialized files (Serialized files now loaded: 0)
System memory in use before: 183.5 MB.
System memory in use after: 183.4 MB.

Unloading 11 unused Assets to reduce memory usage. Loaded Objects now: 2861.
Total: 2.549886 ms (FindLiveObjects: 0.319591 ms CreateObjectMapping: 0.136687 ms MarkObjects: 1.796632 ms  DeleteObjects: 0.296025 ms)

========================================================================
Received Import Request.
  path: Assets/Scripts/Graph.cs
  artifactKey: Guid(72860c96839f24c96a60056d6d2e0bd6) Importer(815301076,1909f56bfc062723c751e8b465ee728b)
Start importing Assets/Scripts/Graph.cs using Guid(72860c96839f24c96a60056d6d2e0bd6) Importer(815301076,1909f56bfc062723c751e8b465ee728b)  -> (artifact id: '3386e44dcb46485a1941face7ba4a421') in 0.477170 seconds
  Import took 0.482398 seconds .

========================================================================
Received Import Request.
  Time since last request: 0.000817 seconds.
  path: Assets/Scenes/SampleScene.unity
  artifactKey: Guid(9fc0d4010bbf28b4594072e72b8655ab) Importer(815301076,1909f56bfc062723c751e8b465ee728b)
Start importing Assets/Scenes/SampleScene.unity using Guid(9fc0d4010bbf28b4594072e72b8655ab) Importer(815301076,1909f56bfc062723c751e8b465ee728b)  -> (artifact id: '9bdd0884ba722333f97a82438bd7728f') in 0.014496 seconds
  Import took 0.031843 seconds .

========================================================================
Received Prepare
Registering precompiled user dll's ...
Registered in 0.000722 seconds.
Begin MonoManager ReloadAssembly
Native extension for OSXStandalone target not found
Refreshing native plugins compatible for Editor in 0.37 ms, found 1 plugins.
Preloading 0 native plugins for Editor in 0.00 ms.
Mono: successfully reloaded assembly
- Completed reload, in  0.901 seconds
Platform modules already initialized, skipping
Shader 'Universal Render Pipeline/Particles/Lit': fallback shader 'Universal Render Pipeline/Particles/SimpleLit' not found
Refreshing native plugins compatible for Editor in 0.38 ms, found 1 plugins.
Preloading 0 native plugins for Editor in 0.00 ms.
Unloading 2310 Unused Serialized files (Serialized files now loaded: 0)
System memory in use before: 181.3 MB.
System memory in use after: 181.2 MB.

Unloading 6 unused Assets to reduce memory usage. Loaded Objects now: 2864.
Total: 2.031639 ms (FindLiveObjects: 0.332682 ms CreateObjectMapping: 0.098882 ms MarkObjects: 1.329880 ms  DeleteObjects: 0.268536 ms)

========================================================================
Received Prepare
Registering precompiled user dll's ...
Registered in 0.000767 seconds.
Begin MonoManager ReloadAssembly
Native extension for OSXStandalone target not found
Refreshing native plugins compatible for Editor in 0.67 ms, found 1 plugins.
Preloading 0 native plugins for Editor in 0.00 ms.
Mono: successfully reloaded assembly
- Completed reload, in  0.922 seconds
Platform modules already initialized, skipping
Shader 'Universal Render Pipeline/Particles/Lit': fallback shader 'Universal Render Pipeline/Particles/SimpleLit' not found
Refreshing native plugins compatible for Editor in 0.38 ms, found 1 plugins.
Preloading 0 native plugins for Editor in 0.00 ms.
Unloading 2310 Unused Serialized files (Serialized files now loaded: 0)
System memory in use before: 181.6 MB.
System memory in use after: 181.5 MB.

Unloading 6 unused Assets to reduce memory usage. Loaded Objects now: 2867.
Total: 2.598165 ms (FindLiveObjects: 0.301172 ms CreateObjectMapping: 0.124205 ms MarkObjects: 1.873794 ms  DeleteObjects: 0.297323 ms)

========================================================================
Received Import Request.
  Time since last request: 77.585185 seconds.
  path: Assets/Scripts/FunctionLibrary.cs
  artifactKey: Guid(99d7b6989a7c544ab855656f0cd16bd3) Importer(815301076,1909f56bfc062723c751e8b465ee728b)
Start importing Assets/Scripts/FunctionLibrary.cs using Guid(99d7b6989a7c544ab855656f0cd16bd3) Importer(815301076,1909f56bfc062723c751e8b465ee728b)  -> (artifact id: '98efa16a329a934296ea44eadfce5361') in 0.005431 seconds
  Import took 0.008908 seconds .

========================================================================
Received Prepare
Registering precompiled user dll's ...
Registered in 0.000617 seconds.
Begin MonoManager ReloadAssembly
Native extension for OSXStandalone target not found
Refreshing native plugins compatible for Editor in 0.38 ms, found 1 plugins.
Preloading 0 native plugins for Editor in 0.00 ms.
Mono: successfully reloaded assembly
- Completed reload, in  0.932 seconds
Platform modules already initialized, skipping
Shader 'Universal Render Pipeline/Particles/Lit': fallback shader 'Universal Render Pipeline/Particles/SimpleLit' not found
Refreshing native plugins compatible for Editor in 0.41 ms, found 1 plugins.
Preloading 0 native plugins for Editor in 0.00 ms.
Unloading 2311 Unused Serialized files (Serialized files now loaded: 0)
System memory in use before: 182.1 MB.
System memory in use after: 182.0 MB.

Unloading 6 unused Assets to reduce memory usage. Loaded Objects now: 2871.
Total: 2.216062 ms (FindLiveObjects: 0.255786 ms CreateObjectMapping: 0.093722 ms MarkObjects: 1.542956 ms  DeleteObjects: 0.322818 ms)

========================================================================
Received Prepare
Registering precompiled user dll's ...
Registered in 0.000656 seconds.
Begin MonoManager ReloadAssembly
Native extension for OSXStandalone target not found
Refreshing native plugins compatible for Editor in 0.37 ms, found 1 plugins.
Preloading 0 native plugins for Editor in 0.00 ms.
Mono: successfully reloaded assembly
- Completed reload, in  0.893 seconds
Platform modules already initialized, skipping
Shader 'Universal Render Pipeline/Particles/Lit': fallback shader 'Universal Render Pipeline/Particles/SimpleLit' not found
Refreshing native plugins compatible for Editor in 0.41 ms, found 1 plugins.
Preloading 0 native plugins for Editor in 0.00 ms.
Unloading 2311 Unused Serialized files (Serialized files now loaded: 0)
System memory in use before: 182.4 MB.
System memory in use after: 182.2 MB.

Unloading 6 unused Assets to reduce memory usage. Loaded Objects now: 2874.
Total: 2.141848 ms (FindLiveObjects: 0.236749 ms CreateObjectMapping: 0.087455 ms MarkObjects: 1.512849 ms  DeleteObjects: 0.303866 ms)

========================================================================
Received Import Request.
  Time since last request: 650.342645 seconds.
  path: Assets/Scripts/FunctionLibrary.cs
  artifactKey: Guid(99d7b6989a7c544ab855656f0cd16bd3) Importer(815301076,1909f56bfc062723c751e8b465ee728b)
Start importing Assets/Scripts/FunctionLibrary.cs using Guid(99d7b6989a7c544ab855656f0cd16bd3) Importer(815301076,1909f56bfc062723c751e8b465ee728b)  -> (artifact id: '49723e01a7fd8bba4a2fcf81287457a2') in 0.004138 seconds
  Import took 0.008570 seconds .

========================================================================
Received Import Request.
  Time since last request: 8.496928 seconds.
  path: Assets/Scripts/Graph.cs
  artifactKey: Guid(72860c96839f24c96a60056d6d2e0bd6) Importer(815301076,1909f56bfc062723c751e8b465ee728b)
Start importing Assets/Scripts/Graph.cs using Guid(72860c96839f24c96a60056d6d2e0bd6) Importer(815301076,1909f56bfc062723c751e8b465ee728b)  -> (artifact id: '682931640624773419f71a6d8824dffb') in 0.001444 seconds
  Import took 0.004622 seconds .

========================================================================
Received Import Request.
  Time since last request: 0.003896 seconds.
  path: Assets/Scripts/Graph.cs
  artifactKey: Guid(72860c96839f24c96a60056d6d2e0bd6) Importer(815301076,1909f56bfc062723c751e8b465ee728b)
Start importing Assets/Scripts/Graph.cs using Guid(72860c96839f24c96a60056d6d2e0bd6) Importer(815301076,1909f56bfc062723c751e8b465ee728b)  -> (artifact id: '682931640624773419f71a6d8824dffb') in 0.002294 seconds
  Import took 0.007279 seconds .

========================================================================
Received Import Request.
  Time since last request: 9.218448 seconds.
  path: Assets/Point
  artifactKey: Guid(5c92590612c9c49ada7df3251c02c834) Importer(815301076,1909f56bfc062723c751e8b465ee728b)
Start importing Assets/Point using Guid(5c92590612c9c49ada7df3251c02c834) Importer(815301076,1909f56bfc062723c751e8b465ee728b)  -> (artifact id: '6930c444581e0be72e32fe6c09c65f79') in 0.000946 seconds
  Import took 0.007539 seconds .

========================================================================
Received Import Request.
  Time since last request: 0.330832 seconds.
  path: Assets/Point/Point Surface.mat
  artifactKey: Guid(2351538d1a33f4d78bda0ca1fc83bf05) Importer(815301076,1909f56bfc062723c751e8b465ee728b)
Start importing Assets/Point/Point Surface.mat using Guid(2351538d1a33f4d78bda0ca1fc83bf05) Importer(815301076,1909f56bfc062723c751e8b465ee728b)  -> (artifact id: '32c5b09d9184d13938a7320a0cbf2c22') in 1.218112 seconds
  Import took 1.223431 seconds .

========================================================================
Received Import Request.
  Time since last request: 0.000165 seconds.
  path: Assets/Point/Point.prefab
  artifactKey: Guid(33744b223678f4aa7ad44a966074f824) Importer(815301076,1909f56bfc062723c751e8b465ee728b)
Start importing Assets/Point/Point.prefab using Guid(33744b223678f4aa7ad44a966074f824) Importer(815301076,1909f56bfc062723c751e8b465ee728b)  -> (artifact id: '337cd49c13f5837a45222b3e49e79201') in 0.991905 seconds
  Import took 0.995958 seconds .

========================================================================
Received Prepare
Registering precompiled user dll's ...
Registered in 0.000603 seconds.
Begin MonoManager ReloadAssembly
Native extension for OSXStandalone target not found
Refreshing native plugins compatible for Editor in 0.37 ms, found 1 plugins.
Preloading 0 native plugins for Editor in 0.00 ms.
Mono: successfully reloaded assembly
- Completed reload, in  0.916 seconds
Platform modules already initialized, skipping
Shader 'Universal Render Pipeline/Particles/Lit': fallback shader 'Universal Render Pipeline/Particles/SimpleLit' not found
Refreshing native plugins compatible for Editor in 0.37 ms, found 1 plugins.
Preloading 0 native plugins for Editor in 0.00 ms.
Unloading 2312 Unused Serialized files (Serialized files now loaded: 0)
System memory in use before: 197.9 MB.
System memory in use after: 197.8 MB.

Unloading 6 unused Assets to reduce memory usage. Loaded Objects now: 2957.
Total: 2.988313 ms (FindLiveObjects: 0.521250 ms CreateObjectMapping: 0.273434 ms MarkObjects: 1.853419 ms  DeleteObjects: 0.337810 ms)

========================================================================
Received Prepare
Registering precompiled user dll's ...
Registered in 0.000742 seconds.
Begin MonoManager ReloadAssembly
Native extension for OSXStandalone target not found
Refreshing native plugins compatible for Editor in 0.38 ms, found 1 plugins.
Preloading 0 native plugins for Editor in 0.00 ms.
Mono: successfully reloaded assembly
- Completed reload, in  0.896 seconds
Platform modules already initialized, skipping
Shader 'Universal Render Pipeline/Particles/Lit': fallback shader 'Universal Render Pipeline/Particles/SimpleLit' not found
Refreshing native plugins compatible for Editor in 0.34 ms, found 1 plugins.
Preloading 0 native plugins for Editor in 0.00 ms.
Unloading 2311 Unused Serialized files (Serialized files now loaded: 0)
System memory in use before: 198.2 MB.
System memory in use after: 198.0 MB.

Unloading 6 unused Assets to reduce memory usage. Loaded Objects now: 2960.
Total: 2.155873 ms (FindLiveObjects: 0.261367 ms CreateObjectMapping: 0.108336 ms MarkObjects: 1.452841 ms  DeleteObjects: 0.332430 ms)

========================================================================
Received Prepare
Registering precompiled user dll's ...
Registered in 0.000666 seconds.
Begin MonoManager ReloadAssembly
Native extension for OSXStandalone target not found
Refreshing native plugins compatible for Editor in 0.37 ms, found 1 plugins.
Preloading 0 native plugins for Editor in 0.00 ms.
Mono: successfully reloaded assembly
- Completed reload, in  0.987 seconds
Platform modules already initialized, skipping
Shader 'Universal Render Pipeline/Particles/Lit': fallback shader 'Universal Render Pipeline/Particles/SimpleLit' not found
Refreshing native plugins compatible for Editor in 0.37 ms, found 1 plugins.
Preloading 0 native plugins for Editor in 0.00 ms.
Unloading 2311 Unused Serialized files (Serialized files now loaded: 0)
System memory in use before: 198.5 MB.
System memory in use after: 198.3 MB.

Unloading 6 unused Assets to reduce memory usage. Loaded Objects now: 2963.
Total: 2.701523 ms (FindLiveObjects: 0.371880 ms CreateObjectMapping: 0.101585 ms MarkObjects: 1.908071 ms  DeleteObjects: 0.318893 ms)

========================================================================
Received Prepare
Registering precompiled user dll's ...
Registered in 0.000693 seconds.
Begin MonoManager ReloadAssembly
Native extension for OSXStandalone target not found
Refreshing native plugins compatible for Editor in 0.36 ms, found 1 plugins.
Preloading 0 native plugins for Editor in 0.00 ms.
Mono: successfully reloaded assembly
- Completed reload, in  0.945 seconds
Platform modules already initialized, skipping
Shader 'Universal Render Pipeline/Particles/Lit': fallback shader 'Universal Render Pipeline/Particles/SimpleLit' not found
Refreshing native plugins compatible for Editor in 0.40 ms, found 1 plugins.
Preloading 0 native plugins for Editor in 0.00 ms.
Unloading 2311 Unused Serialized files (Serialized files now loaded: 0)
System memory in use before: 198.7 MB.
System memory in use after: 198.6 MB.

Unloading 6 unused Assets to reduce memory usage. Loaded Objects now: 2966.
Total: 2.789518 ms (FindLiveObjects: 0.281787 ms CreateObjectMapping: 0.096456 ms MarkObjects: 2.001889 ms  DeleteObjects: 0.407737 ms)

========================================================================
Received Prepare
Registering precompiled user dll's ...
Registered in 0.000737 seconds.
Begin MonoManager ReloadAssembly
Native extension for OSXStandalone target not found
Refreshing native plugins compatible for Editor in 0.37 ms, found 1 plugins.
Preloading 0 native plugins for Editor in 0.00 ms.
Mono: successfully reloaded assembly
- Completed reload, in  0.933 seconds
Platform modules already initialized, skipping
Shader 'Universal Render Pipeline/Particles/Lit': fallback shader 'Universal Render Pipeline/Particles/SimpleLit' not found
Refreshing native plugins compatible for Editor in 0.38 ms, found 1 plugins.
Preloading 0 native plugins for Editor in 0.00 ms.
Unloading 2311 Unused Serialized files (Serialized files now loaded: 0)
System memory in use before: 199.0 MB.
System memory in use after: 198.9 MB.

Unloading 6 unused Assets to reduce memory usage. Loaded Objects now: 2969.
Total: 2.657985 ms (FindLiveObjects: 0.365658 ms CreateObjectMapping: 0.203803 ms MarkObjects: 1.740585 ms  DeleteObjects: 0.346552 ms)

========================================================================
Received Prepare
Registering precompiled user dll's ...
Registered in 0.000694 seconds.
Begin MonoManager ReloadAssembly
Native extension for OSXStandalone target not found
Refreshing native plugins compatible for Editor in 0.38 ms, found 1 plugins.
Preloading 0 native plugins for Editor in 0.00 ms.
Mono: successfully reloaded assembly
- Completed reload, in  0.974 seconds
Platform modules already initialized, skipping
Shader 'Universal Render Pipeline/Particles/Lit': fallback shader 'Universal Render Pipeline/Particles/SimpleLit' not found
Refreshing native plugins compatible for Editor in 0.40 ms, found 1 plugins.
Preloading 0 native plugins for Editor in 0.00 ms.
Unloading 2311 Unused Serialized files (Serialized files now loaded: 0)
System memory in use before: 199.2 MB.
System memory in use after: 199.1 MB.

Unloading 6 unused Assets to reduce memory usage. Loaded Objects now: 2972.
Total: 2.528588 ms (FindLiveObjects: 0.282016 ms CreateObjectMapping: 0.131268 ms MarkObjects: 1.763261 ms  DeleteObjects: 0.351026 ms)

========================================================================
Received Prepare
Registering precompiled user dll's ...
Registered in 0.000680 seconds.
Begin MonoManager ReloadAssembly
Native extension for OSXStandalone target not found
Refreshing native plugins compatible for Editor in 0.35 ms, found 1 plugins.
Preloading 0 native plugins for Editor in 0.00 ms.
Mono: successfully reloaded assembly
- Completed reload, in  0.965 seconds
Platform modules already initialized, skipping
Shader 'Universal Render Pipeline/Particles/Lit': fallback shader 'Universal Render Pipeline/Particles/SimpleLit' not found
Refreshing native plugins compatible for Editor in 0.38 ms, found 1 plugins.
Preloading 0 native plugins for Editor in 0.00 ms.
Unloading 2311 Unused Serialized files (Serialized files now loaded: 0)
System memory in use before: 199.6 MB.
System memory in use after: 199.5 MB.

Unloading 6 unused Assets to reduce memory usage. Loaded Objects now: 2975.
Total: 2.535949 ms (FindLiveObjects: 0.312746 ms CreateObjectMapping: 0.082032 ms MarkObjects: 1.716017 ms  DeleteObjects: 0.423912 ms)

========================================================================
Received Prepare
Registering precompiled user dll's ...
Registered in 0.000715 seconds.
Begin MonoManager ReloadAssembly
Native extension for OSXStandalone target not found
Refreshing native plugins compatible for Editor in 0.39 ms, found 1 plugins.
Preloading 0 native plugins for Editor in 0.00 ms.
Mono: successfully reloaded assembly
- Completed reload, in  0.990 seconds
Platform modules already initialized, skipping
Shader 'Universal Render Pipeline/Particles/Lit': fallback shader 'Universal Render Pipeline/Particles/SimpleLit' not found
Refreshing native plugins compatible for Editor in 0.38 ms, found 1 plugins.
Preloading 0 native plugins for Editor in 0.00 ms.
Unloading 2311 Unused Serialized files (Serialized files now loaded: 0)
System memory in use before: 199.9 MB.
System memory in use after: 199.8 MB.

Unloading 6 unused Assets to reduce memory usage. Loaded Objects now: 2978.
Total: 3.064011 ms (FindLiveObjects: 0.393243 ms CreateObjectMapping: 0.111264 ms MarkObjects: 2.102419 ms  DeleteObjects: 0.455205 ms)

========================================================================
Received Prepare
Registering precompiled user dll's ...
Registered in 0.000695 seconds.
Begin MonoManager ReloadAssembly
Native extension for OSXStandalone target not found
Refreshing native plugins compatible for Editor in 0.34 ms, found 1 plugins.
Preloading 0 native plugins for Editor in 0.00 ms.
Mono: successfully reloaded assembly
- Completed reload, in  0.980 seconds
Platform modules already initialized, skipping
Shader 'Universal Render Pipeline/Particles/Lit': fallback shader 'Universal Render Pipeline/Particles/SimpleLit' not found
Refreshing native plugins compatible for Editor in 0.37 ms, found 1 plugins.
Preloading 0 native plugins for Editor in 0.00 ms.
Unloading 2311 Unused Serialized files (Serialized files now loaded: 0)
System memory in use before: 200.2 MB.
System memory in use after: 200.0 MB.

Unloading 6 unused Assets to reduce memory usage. Loaded Objects now: 2981.
Total: 2.149477 ms (FindLiveObjects: 0.240142 ms CreateObjectMapping: 0.088133 ms MarkObjects: 1.480739 ms  DeleteObjects: 0.339587 ms)

========================================================================
Received Prepare
Registering precompiled user dll's ...
Registered in 0.000860 seconds.
Begin MonoManager ReloadAssembly
Native extension for OSXStandalone target not found
Refreshing native plugins compatible for Editor in 0.38 ms, found 1 plugins.
Preloading 0 native plugins for Editor in 0.00 ms.
Mono: successfully reloaded assembly
- Completed reload, in  0.949 seconds
Platform modules already initialized, skipping
Shader 'Universal Render Pipeline/Particles/Lit': fallback shader 'Universal Render Pipeline/Particles/SimpleLit' not found
Refreshing native plugins compatible for Editor in 0.38 ms, found 1 plugins.
Preloading 0 native plugins for Editor in 0.00 ms.
Unloading 2311 Unused Serialized files (Serialized files now loaded: 0)
System memory in use before: 200.5 MB.
System memory in use after: 200.3 MB.

Unloading 6 unused Assets to reduce memory usage. Loaded Objects now: 2984.
Total: 2.256489 ms (FindLiveObjects: 0.287438 ms CreateObjectMapping: 0.102663 ms MarkObjects: 1.516679 ms  DeleteObjects: 0.348253 ms)

========================================================================
Received Prepare
Registering precompiled user dll's ...
Registered in 0.000787 seconds.
Begin MonoManager ReloadAssembly
Native extension for OSXStandalone target not found
Refreshing native plugins compatible for Editor in 0.38 ms, found 1 plugins.
Preloading 0 native plugins for Editor in 0.00 ms.
Mono: successfully reloaded assembly
- Completed reload, in  1.016 seconds
Platform modules already initialized, skipping
Shader 'Universal Render Pipeline/Particles/Lit': fallback shader 'Universal Render Pipeline/Particles/SimpleLit' not found
Refreshing native plugins compatible for Editor in 0.37 ms, found 1 plugins.
Preloading 0 native plugins for Editor in 0.00 ms.
Unloading 2311 Unused Serialized files (Serialized files now loaded: 0)
System memory in use before: 200.6 MB.
System memory in use after: 200.5 MB.

Unloading 6 unused Assets to reduce memory usage. Loaded Objects now: 2987.
Total: 3.279552 ms (FindLiveObjects: 0.392893 ms CreateObjectMapping: 0.135828 ms MarkObjects: 2.341254 ms  DeleteObjects: 0.407649 ms)

========================================================================
Received Prepare
Registering precompiled user dll's ...
Registered in 0.000651 seconds.
Begin MonoManager ReloadAssembly
Native extension for OSXStandalone target not found
Refreshing native plugins compatible for Editor in 0.42 ms, found 1 plugins.
Preloading 0 native plugins for Editor in 0.00 ms.
Mono: successfully reloaded assembly
- Completed reload, in  1.018 seconds
Platform modules already initialized, skipping
Shader 'Universal Render Pipeline/Particles/Lit': fallback shader 'Universal Render Pipeline/Particles/SimpleLit' not found
Refreshing native plugins compatible for Editor in 0.45 ms, found 1 plugins.
Preloading 0 native plugins for Editor in 0.00 ms.
Unloading 2311 Unused Serialized files (Serialized files now loaded: 0)
System memory in use before: 201.0 MB.
System memory in use after: 200.9 MB.

Unloading 6 unused Assets to reduce memory usage. Loaded Objects now: 2990.
Total: 2.311692 ms (FindLiveObjects: 0.267151 ms CreateObjectMapping: 0.103034 ms MarkObjects: 1.587519 ms  DeleteObjects: 0.352632 ms)

========================================================================
Received Prepare
Registering precompiled user dll's ...
Registered in 0.000686 seconds.
Begin MonoManager ReloadAssembly
Native extension for OSXStandalone target not found
Refreshing native plugins compatible for Editor in 0.42 ms, found 1 plugins.
Preloading 0 native plugins for Editor in 0.00 ms.
Mono: successfully reloaded assembly
- Completed reload, in  0.994 seconds
Platform modules already initialized, skipping
Shader 'Universal Render Pipeline/Particles/Lit': fallback shader 'Universal Render Pipeline/Particles/SimpleLit' not found
Refreshing native plugins compatible for Editor in 0.37 ms, found 1 plugins.
Preloading 0 native plugins for Editor in 0.00 ms.
Unloading 2311 Unused Serialized files (Serialized files now loaded: 0)
System memory in use before: 201.3 MB.
System memory in use after: 201.2 MB.

Unloading 6 unused Assets to reduce memory usage. Loaded Objects now: 2993.
Total: 2.141335 ms (FindLiveObjects: 0.238809 ms CreateObjectMapping: 0.071412 ms MarkObjects: 1.480208 ms  DeleteObjects: 0.349714 ms)

========================================================================
Received Prepare
Registering precompiled user dll's ...
Registered in 0.000694 seconds.
Begin MonoManager ReloadAssembly
Native extension for OSXStandalone target not found
Refreshing native plugins compatible for Editor in 0.37 ms, found 1 plugins.
Preloading 0 native plugins for Editor in 0.00 ms.
Mono: successfully reloaded assembly
- Completed reload, in  1.006 seconds
Platform modules already initialized, skipping
Shader 'Universal Render Pipeline/Particles/Lit': fallback shader 'Universal Render Pipeline/Particles/SimpleLit' not found
Refreshing native plugins compatible for Editor in 0.38 ms, found 1 plugins.
Preloading 0 native plugins for Editor in 0.00 ms.
Unloading 2311 Unused Serialized files (Serialized files now loaded: 0)
System memory in use before: 201.6 MB.
System memory in use after: 201.4 MB.

Unloading 6 unused Assets to reduce memory usage. Loaded Objects now: 2996.
Total: 2.858461 ms (FindLiveObjects: 0.313514 ms CreateObjectMapping: 0.105917 ms MarkObjects: 2.075081 ms  DeleteObjects: 0.362829 ms)

========================================================================
Received Import Request.
  Time since last request: 2893.873727 seconds.
  path: Assets/Scripts/FunctionLibrary.cs
  artifactKey: Guid(99d7b6989a7c544ab855656f0cd16bd3) Importer(815301076,1909f56bfc062723c751e8b465ee728b)
Start importing Assets/Scripts/FunctionLibrary.cs using Guid(99d7b6989a7c544ab855656f0cd16bd3) Importer(815301076,1909f56bfc062723c751e8b465ee728b)  -> (artifact id: '9c539b79f9c4d661c4bbd0490448bea8') in 0.004641 seconds
  Import took 0.008951 seconds .

========================================================================
Received Import Request.
  Time since last request: 26.265022 seconds.
  path: Assets/Scripts/Graph.cs
  artifactKey: Guid(72860c96839f24c96a60056d6d2e0bd6) Importer(815301076,1909f56bfc062723c751e8b465ee728b)
Start importing Assets/Scripts/Graph.cs using Guid(72860c96839f24c96a60056d6d2e0bd6) Importer(815301076,1909f56bfc062723c751e8b465ee728b)  -> (artifact id: 'af70cf029249a2e852b7ce525382641c') in 0.001833 seconds
  Import took 0.007358 seconds .

========================================================================
Received Prepare
Registering precompiled user dll's ...
Registered in 0.000750 seconds.
Begin MonoManager ReloadAssembly
Native extension for OSXStandalone target not found
Refreshing native plugins compatible for Editor in 0.39 ms, found 1 plugins.
Preloading 0 native plugins for Editor in 0.00 ms.
Mono: successfully reloaded assembly
- Completed reload, in  1.018 seconds
Platform modules already initialized, skipping
Shader 'Universal Render Pipeline/Particles/Lit': fallback shader 'Universal Render Pipeline/Particles/SimpleLit' not found
Refreshing native plugins compatible for Editor in 0.37 ms, found 1 plugins.
Preloading 0 native plugins for Editor in 0.00 ms.
Unloading 2311 Unused Serialized files (Serialized files now loaded: 0)
System memory in use before: 201.9 MB.
System memory in use after: 201.7 MB.

Unloading 6 unused Assets to reduce memory usage. Loaded Objects now: 2999.
Total: 2.976015 ms (FindLiveObjects: 0.336550 ms CreateObjectMapping: 0.105786 ms MarkObjects: 2.061183 ms  DeleteObjects: 0.470702 ms)

========================================================================
Received Prepare
Registering precompiled user dll's ...
Registered in 0.000937 seconds.
Begin MonoManager ReloadAssembly
Native extension for OSXStandalone target not found
Refreshing native plugins compatible for Editor in 0.38 ms, found 1 plugins.
Preloading 0 native plugins for Editor in 0.00 ms.
Mono: successfully reloaded assembly
- Completed reload, in  1.138 seconds
Platform modules already initialized, skipping
Shader 'Universal Render Pipeline/Particles/Lit': fallback shader 'Universal Render Pipeline/Particles/SimpleLit' not found
Refreshing native plugins compatible for Editor in 0.45 ms, found 1 plugins.
Preloading 0 native plugins for Editor in 0.00 ms.
Unloading 2311 Unused Serialized files (Serialized files now loaded: 0)
System memory in use before: 202.1 MB.
System memory in use after: 201.9 MB.

Unloading 6 unused Assets to reduce memory usage. Loaded Objects now: 3002.
Total: 3.574514 ms (FindLiveObjects: 0.535930 ms CreateObjectMapping: 0.407192 ms MarkObjects: 2.190798 ms  DeleteObjects: 0.438564 ms)

========================================================================
Received Prepare
Registering precompiled user dll's ...
Registered in 0.000669 seconds.
Begin MonoManager ReloadAssembly
Native extension for OSXStandalone target not found
Refreshing native plugins compatible for Editor in 0.38 ms, found 1 plugins.
Preloading 0 native plugins for Editor in 0.00 ms.
Mono: successfully reloaded assembly
- Completed reload, in  0.997 seconds
Platform modules already initialized, skipping
Shader 'Universal Render Pipeline/Particles/Lit': fallback shader 'Universal Render Pipeline/Particles/SimpleLit' not found
Refreshing native plugins compatible for Editor in 0.39 ms, found 1 plugins.
Preloading 0 native plugins for Editor in 0.00 ms.
Unloading 2311 Unused Serialized files (Serialized files now loaded: 0)
System memory in use before: 202.4 MB.
System memory in use after: 202.3 MB.

Unloading 6 unused Assets to reduce memory usage. Loaded Objects now: 3005.
Total: 2.128900 ms (FindLiveObjects: 0.235010 ms CreateObjectMapping: 0.092392 ms MarkObjects: 1.476384 ms  DeleteObjects: 0.324318 ms)

========================================================================
Received Prepare
Registering precompiled user dll's ...
Registered in 0.001144 seconds.
Begin MonoManager ReloadAssembly
Native extension for OSXStandalone target not found
Refreshing native plugins compatible for Editor in 0.37 ms, found 1 plugins.
Preloading 0 native plugins for Editor in 0.00 ms.
Mono: successfully reloaded assembly
- Completed reload, in  1.056 seconds
Platform modules already initialized, skipping
Shader 'Universal Render Pipeline/Particles/Lit': fallback shader 'Universal Render Pipeline/Particles/SimpleLit' not found
Refreshing native plugins compatible for Editor in 0.37 ms, found 1 plugins.
Preloading 0 native plugins for Editor in 0.00 ms.
Unloading 2311 Unused Serialized files (Serialized files now loaded: 0)
System memory in use before: 202.7 MB.
System memory in use after: 202.6 MB.

Unloading 6 unused Assets to reduce memory usage. Loaded Objects now: 3008.
Total: 2.517502 ms (FindLiveObjects: 0.407515 ms CreateObjectMapping: 0.210078 ms MarkObjects: 1.553062 ms  DeleteObjects: 0.345932 ms)

========================================================================
Received Prepare
Registering precompiled user dll's ...
Registered in 0.000710 seconds.
Begin MonoManager ReloadAssembly
Native extension for OSXStandalone target not found
Refreshing native plugins compatible for Editor in 0.34 ms, found 1 plugins.
Preloading 0 native plugins for Editor in 0.00 ms.
Mono: successfully reloaded assembly
- Completed reload, in  1.013 seconds
Platform modules already initialized, skipping
Shader 'Universal Render Pipeline/Particles/Lit': fallback shader 'Universal Render Pipeline/Particles/SimpleLit' not found
Refreshing native plugins compatible for Editor in 0.39 ms, found 1 plugins.
Preloading 0 native plugins for Editor in 0.00 ms.
Unloading 2311 Unused Serialized files (Serialized files now loaded: 0)
System memory in use before: 203.0 MB.
System memory in use after: 202.9 MB.

Unloading 6 unused Assets to reduce memory usage. Loaded Objects now: 3011.
Total: 2.383716 ms (FindLiveObjects: 0.377487 ms CreateObjectMapping: 0.104743 ms MarkObjects: 1.545719 ms  DeleteObjects: 0.354661 ms)

========================================================================
Received Prepare
Registering precompiled user dll's ...
Registered in 0.000737 seconds.
Begin MonoManager ReloadAssembly
Native extension for OSXStandalone target not found
Refreshing native plugins compatible for Editor in 0.40 ms, found 1 plugins.
Preloading 0 native plugins for Editor in 0.00 ms.
Mono: successfully reloaded assembly
- Completed reload, in  1.003 seconds
Platform modules already initialized, skipping
Shader 'Universal Render Pipeline/Particles/Lit': fallback shader 'Universal Render Pipeline/Particles/SimpleLit' not found
Refreshing native plugins compatible for Editor in 0.38 ms, found 1 plugins.
Preloading 0 native plugins for Editor in 0.00 ms.
Unloading 2311 Unused Serialized files (Serialized files now loaded: 0)
System memory in use before: 203.3 MB.
System memory in use after: 203.1 MB.

Unloading 6 unused Assets to reduce memory usage. Loaded Objects now: 3014.
Total: 2.991494 ms (FindLiveObjects: 0.434074 ms CreateObjectMapping: 0.200560 ms MarkObjects: 1.917673 ms  DeleteObjects: 0.437279 ms)

========================================================================
Received Prepare
Registering precompiled user dll's ...
Registered in 0.000703 seconds.
Begin MonoManager ReloadAssembly
Native extension for OSXStandalone target not found
Refreshing native plugins compatible for Editor in 0.39 ms, found 1 plugins.
Preloading 0 native plugins for Editor in 0.00 ms.
Mono: successfully reloaded assembly
- Completed reload, in  1.049 seconds
Platform modules already initialized, skipping
Shader 'Universal Render Pipeline/Particles/Lit': fallback shader 'Universal Render Pipeline/Particles/SimpleLit' not found
Refreshing native plugins compatible for Editor in 0.58 ms, found 1 plugins.
Preloading 0 native plugins for Editor in 0.00 ms.
Unloading 2311 Unused Serialized files (Serialized files now loaded: 0)
System memory in use before: 203.5 MB.
System memory in use after: 203.3 MB.

Unloading 6 unused Assets to reduce memory usage. Loaded Objects now: 3017.
Total: 2.563652 ms (FindLiveObjects: 0.272494 ms CreateObjectMapping: 0.103393 ms MarkObjects: 1.830838 ms  DeleteObjects: 0.355746 ms)

========================================================================
Received Prepare
Registering precompiled user dll's ...
Registered in 0.001011 seconds.
Begin MonoManager ReloadAssembly
Native extension for OSXStandalone target not found
Refreshing native plugins compatible for Editor in 0.37 ms, found 1 plugins.
Preloading 0 native plugins for Editor in 0.00 ms.
Mono: successfully reloaded assembly
- Completed reload, in  1.000 seconds
Platform modules already initialized, skipping
Shader 'Universal Render Pipeline/Particles/Lit': fallback shader 'Universal Render Pipeline/Particles/SimpleLit' not found
Refreshing native plugins compatible for Editor in 0.38 ms, found 1 plugins.
Preloading 0 native plugins for Editor in 0.00 ms.
Unloading 2311 Unused Serialized files (Serialized files now loaded: 0)
System memory in use before: 203.9 MB.
System memory in use after: 203.7 MB.

Unloading 6 unused Assets to reduce memory usage. Loaded Objects now: 3020.
Total: 2.419418 ms (FindLiveObjects: 0.273644 ms CreateObjectMapping: 0.069242 ms MarkObjects: 1.678113 ms  DeleteObjects: 0.397105 ms)

========================================================================
Received Prepare
Registering precompiled user dll's ...
Registered in 0.001253 seconds.
Begin MonoManager ReloadAssembly
Native extension for OSXStandalone target not found
Refreshing native plugins compatible for Editor in 2.02 ms, found 1 plugins.
Preloading 0 native plugins for Editor in 0.00 ms.
Mono: successfully reloaded assembly
- Completed reload, in  1.032 seconds
Platform modules already initialized, skipping
Shader 'Universal Render Pipeline/Particles/Lit': fallback shader 'Universal Render Pipeline/Particles/SimpleLit' not found
Refreshing native plugins compatible for Editor in 0.37 ms, found 1 plugins.
Preloading 0 native plugins for Editor in 0.00 ms.
Unloading 2311 Unused Serialized files (Serialized files now loaded: 0)
System memory in use before: 204.1 MB.
System memory in use after: 204.0 MB.

Unloading 6 unused Assets to reduce memory usage. Loaded Objects now: 3023.
Total: 2.226552 ms (FindLiveObjects: 0.288050 ms CreateObjectMapping: 0.090665 ms MarkObjects: 1.499249 ms  DeleteObjects: 0.347152 ms)

AssetImportWorkerClient::OnTransportError - code=2 error=End of file
